<?xml version="1.0" encoding="UTF-8"?>
<Site BuildName="Darwin-clang++"
	BuildStamp="20240416-0320-Experimental"
	Name="yangjiaqideMacBook-Pro.local"
	Generator="ctest-3.25.0"
	CompilerName="/usr/bin/clang++"
	CompilerVersion="11.0.0.11000033"
	OSName="macOS"
	Hostname="yangjiaqideMacBook-Pro.local"
	OSRelease="12.6"
	OSVersion="21G115"
	OSPlatform="x86_64"
	Is64Bits="1"
	VendorString="GenuineIntel"
	VendorID="Intel Corporation"
	FamilyID="6"
	ModelID="142"
	ProcessorCacheSize="32768"
	NumberOfLogicalCPU="8"
	NumberOfPhysicalCPU="4"
	TotalVirtualMemory="3072"
	TotalPhysicalMemory="16384"
	LogicalProcessorsPerPhysical="8"
	ProcessorClockFrequency="1400"
	>
	<Testing>
		<StartDateTime>Apr 16 14:13 CST</StartDateTime>
		<StartTestTime>1713248018</StartTestTime>
		<TestList/>
		<EndDateTime>Apr 16 14:13 CST</EndDateTime>
		<EndTestTime>1713248018</EndTestTime>
		<ElapsedMinutes>0</ElapsedMinutes>
	</Testing>
</Site>
